<?xml version="1.0" encoding="UTF-8"?>
<!-- Generated by org.testng.reporters.JUnitReportReporter -->
<testsuite hostname="Anik" failures="0" tests="3" name="test.AutoTest" time="5.093" errors="0" timestamp="2023-05-18T12:38:37 CDT" skipped="2">
  <testcase classname="test.AutoTest" name="selectProductBtnTest" time="5.093"/>
  <system-out>
    <![CDATA[[[ChromeDriver: chrome on WINDOWS (b81b888da1b398cd4615c37a39504de2)] -> xpath: //select[@id="popDropdown"]]<<<<<selected:Life<br>
[[ChromeDriver: chrome on WINDOWS (b81b888da1b398cd4615c37a39504de2)] -> xpath: //*[@id="quote-main-state-select"]]<<<<<selected:AL<br>]]>
  </system-out>
  <testcase classname="test.AutoTest" name="clickProductBtnTest">
    <skipped/>
  </testcase> <!-- clickProductBtnTest -->
  <system-out/>
  <testcase classname="test.AutoTest" name="testStartAQuote">
    <skipped/>
  </testcase> <!-- testStartAQuote -->
  <system-out/>
</testsuite> <!-- test.AutoTest -->
