<?xml version="1.0" encoding="UTF-8"?>
<!-- Generated by org.testng.reporters.JUnitReportReporter -->
<testsuite hostname="Anik" failures="0" tests="1" name="misc.UnitTest" time="0.008" errors="0" timestamp="2023-05-09T10:40:43 CDT" skipped="0">
  <testcase classname="misc.UnitTest" name="configurationUnitTest2" time="0.008"/>
  <system-out/>
</testsuite> <!-- misc.UnitTest -->
