<?xml version="1.0" encoding="UTF-8"?>
<!-- Generated by org.testng.reporters.JUnitReportReporter -->
<testsuite hostname="Anik" failures="0" tests="1" name="misc.LinearScripting" time="4.694" errors="0" timestamp="2023-05-09T00:11:41 CDT" skipped="0">
  <testcase classname="misc.LinearScripting" name="testHomePageTitle" time="4.694"/>
  <system-out/>
</testsuite> <!-- misc.LinearScripting -->
